<?xml version="1.0" encoding="UTF-8"?>
<!-- Generated by org.testng.reporters.JUnitReportReporter -->
<testsuite skipped="0" hostname="SCS-R37" name="com.voyager.qa.testcases.SetUpPageTest" tests="3" failures="0" timestamp="29 Mar 2019 09:56:58 GMT" time="86.359" errors="0">
  <testcase name="setUpGlobaltextTest" time="25.951" classname="com.voyager.qa.testcases.SetUpPageTest"/>
  <testcase name="profilesettingTest" time="32.642" classname="com.voyager.qa.testcases.SetUpPageTest"/>
  <testcase name="billingtextest" time="27.766" classname="com.voyager.qa.testcases.SetUpPageTest"/>
</testsuite> <!-- com.voyager.qa.testcases.SetUpPageTest -->
