<?xml version="1.0" encoding="UTF-8"?>
<!-- Generated by org.testng.reporters.JUnitReportReporter -->
<testsuite skipped="1" hostname="SCS-R37" name="com.voyager.qa.testcases.ContactPageTest" tests="2" failures="0" timestamp="29 Mar 2019 09:52:17 GMT" time="24.053" errors="0">
  <testcase name="validateCreateNewContactTest" time="22.417" classname="com.voyager.qa.testcases.ContactPageTest">
    <skipped/>
  </testcase> <!-- validateCreateNewContactTest -->
  <testcase name="validateContactlistTest" time="1.636" classname="com.voyager.qa.testcases.ContactPageTest"/>
</testsuite> <!-- com.voyager.qa.testcases.ContactPageTest -->
